{"name": "test_contact_us_negative", "status": "broken", "statusDetails": {"message": "selenium.common.exceptions.TimeoutException: Message:", "trace": "app = <utilities.testFrame.InitPages object at 0x000001838BDF6608>, screenshot_on_failure = None\n\n    @allure.feature(\"Message 'Required'\")\n    def test_contact_us_negative(app, screenshot_on_failure):\n        with allure.step(\"Login\"):\n            app.signin.enter_actor(user['email'],user['password'])\n    \n        with allure.step(\"Navigation 'Contact us'\"):\n>           app.navigation.click_on_contact_us()\n\ntest_contact_us_negative.py:12: \n_ _ _ _ _ _ _ _ _ _ _ _ _ _ _ _ _ _ _ _ _ _ _ _ _ _ _ _ _ _ _ _ _ _ _ _ _ _ _ _ _ _ _ _ _ _ _ _ _ _ _ _ _ _ _ _ _ _ _ _ _ _ _ _ _ _ _ _ _ _ _ _ _ _ _ _ _ _ _ _ _ _ _ _ _ _ _ _ _ _ _ _ _ _ _ _ _ _ _ _ _ _ _ _ _ _ _ _ _ _ _ _ _ _ _ _ _ _ _ _ _ _ _ _ _ _ _ _ _ _ _ _ _ _\n..\\Pages\\POM\\navigationMenu.py:28: in click_on_contact_us\n    self.browser.click_on_element(self.locator.CONTACT_US)\n..\\Base\\base.py:38: in click_on_element\n    element = self.find_element(*locators)\n..\\Base\\base.py:19: in find_element\n    element = wait.until(lambda driver: self.driver.find_element(*locators))\n_ _ _ _ _ _ _ _ _ _ _ _ _ _ _ _ _ _ _ _ _ _ _ _ _ _ _ _ _ _ _ _ _ _ _ _ _ _ _ _ _ _ _ _ _ _ _ _ _ _ _ _ _ _ _ _ _ _ _ _ _ _ _ _ _ _ _ _ _ _ _ _ _ _ _ _ _ _ _ _ _ _ _ _ _ _ _ _ _ _ _ _ _ _ _ _ _ _ _ _ _ _ _ _ _ _ _ _ _ _ _ _ _ _ _ _ _ _ _ _ _ _ _ _ _ _ _ _ _ _ _ _ _ _\n\nself = <selenium.webdriver.support.wait.WebDriverWait (session=\"57038189759c8831f9005635708c6fda\")>, method = <function BaseSetup.find_element.<locals>.<lambda> at 0x000001838BDDEF78>, message = ''\n\n    def until(self, method, message=''):\n        \"\"\"Calls the method provided with the driver as an argument until the \\\n        return value is not False.\"\"\"\n        screen = None\n        stacktrace = None\n    \n        end_time = time.time() + self._timeout\n        while True:\n            try:\n                value = method(self._driver)\n                if value:\n                    return value\n            except self._ignored_exceptions as exc:\n                screen = getattr(exc, 'screen', None)\n                stacktrace = getattr(exc, 'stacktrace', None)\n            time.sleep(self._poll)\n            if time.time() > end_time:\n                break\n>       raise TimeoutException(message, screen, stacktrace)\nE       selenium.common.exceptions.TimeoutException: Message:\n\nc:\\python37\\lib\\site-packages\\selenium\\webdriver\\support\\wait.py:80: TimeoutException"}, "steps": [{"name": "Login", "status": "passed", "start": 1577197295884, "stop": 1577197298166}, {"name": "Navigation 'Contact us'", "status": "broken", "statusDetails": {"message": "selenium.common.exceptions.TimeoutException: Message: \n\n", "trace": "  File \"E:\\python_QA\\CH_096_TAQC\\Tests\\test_contact_us_negative.py\", line 12, in test_contact_us_negative\n    app.navigation.click_on_contact_us()\n  File \"E:\\python_QA\\CH_096_TAQC\\Pages\\POM\\navigationMenu.py\", line 28, in click_on_contact_us\n    self.browser.click_on_element(self.locator.CONTACT_US)\n  File \"E:\\python_QA\\CH_096_TAQC\\Base\\base.py\", line 38, in click_on_element\n    element = self.find_element(*locators)\n  File \"E:\\python_QA\\CH_096_TAQC\\Base\\base.py\", line 19, in find_element\n    element = wait.until(lambda driver: self.driver.find_element(*locators))\n  File \"c:\\python37\\lib\\site-packages\\selenium\\webdriver\\support\\wait.py\", line 80, in until\n    raise TimeoutException(message, screen, stacktrace)\n"}, "start": 1577197298166, "stop": 1577197308722}], "attachments": [{"name": "stdout", "source": "23e42152-c291-4547-b197-c52c899e1df0-attachment.txt", "type": "text/plain"}], "start": 1577197295884, "stop": 1577197308728, "uuid": "6a501481-14d2-471b-a1bd-a965a56d8daf", "historyId": "35b227c098852849da4b0f45a3189f19", "testCaseId": "ef0289b75e165bdd07c8fa0c6fdbe9f9", "fullName": "Tests.test_contact_us_negative#test_contact_us_negative", "labels": [{"name": "feature", "value": "Message 'Required'"}, {"name": "parentSuite", "value": "Tests"}, {"name": "suite", "value": "test_contact_us_negative"}, {"name": "host", "value": "DESKTOP-C599ACF"}, {"name": "thread", "value": "18932-MainThread"}, {"name": "framework", "value": "pytest"}, {"name": "language", "value": "cpython3"}, {"name": "package", "value": "Tests.test_contact_us_negative"}]}