{"name": "test_contact_us", "status": "broken", "statusDetails": {"message": "selenium.common.exceptions.TimeoutException: Message:", "trace": "app = <utilities.testFrame.InitPages object at 0x000002391940A1C8>, screenshot_on_failure = None\n\n    @allure.feature('Positive test')\n    @allure.severity(allure.severity_level.CRITICAL)\n    def test_contact_us(app, screenshot_on_failure):\n        with allure.step(\"Login as user\"):\n            app.signin.enter_actor(user['email'],user['password'])\n    \n        with allure.step(\"Navigation 'Contact us'\"):\n>           app.navigation.click_on_contact_us()\n\ntest_contact.py:13: \n_ _ _ _ _ _ _ _ _ _ _ _ _ _ _ _ _ _ _ _ _ _ _ _ _ _ _ _ _ _ _ _ _ _ _ _ _ _ _ _ _ _ _ _ _ _ _ _ _ _ _ _ _ _ _ _ _ _ _ _ _ _ _ _ _ _ _ _ _ _ _ _ _ _ _ _ _ _ _ _ _ _ _ _ _ _ _ _ _ _ _ _ _ _ _ _ _ _ _ _ _ _ _ _ _ _ _ _ _ _ _ _ _ _ _ _ _ _ _ _ _ _ _ _ _ _ _ _ _ _ _ _ _ _\n..\\Pages\\POM\\navigationMenu.py:28: in click_on_contact_us\n    self.browser.click_on_element(self.locator.CONTACT_US)\n..\\Base\\base.py:38: in click_on_element\n    element = self.find_element(*locators)\n..\\Base\\base.py:19: in find_element\n    element = wait.until(lambda driver: self.driver.find_element(*locators))\n_ _ _ _ _ _ _ _ _ _ _ _ _ _ _ _ _ _ _ _ _ _ _ _ _ _ _ _ _ _ _ _ _ _ _ _ _ _ _ _ _ _ _ _ _ _ _ _ _ _ _ _ _ _ _ _ _ _ _ _ _ _ _ _ _ _ _ _ _ _ _ _ _ _ _ _ _ _ _ _ _ _ _ _ _ _ _ _ _ _ _ _ _ _ _ _ _ _ _ _ _ _ _ _ _ _ _ _ _ _ _ _ _ _ _ _ _ _ _ _ _ _ _ _ _ _ _ _ _ _ _ _ _ _\n\nself = <selenium.webdriver.support.wait.WebDriverWait (session=\"6e7f33f8fb6213ec6b905f4a3c44b15f\")>, method = <function BaseSetup.find_element.<locals>.<lambda> at 0x00000239193E4A68>, message = ''\n\n    def until(self, method, message=''):\n        \"\"\"Calls the method provided with the driver as an argument until the \\\n        return value is not False.\"\"\"\n        screen = None\n        stacktrace = None\n    \n        end_time = time.time() + self._timeout\n        while True:\n            try:\n                value = method(self._driver)\n                if value:\n                    return value\n            except self._ignored_exceptions as exc:\n                screen = getattr(exc, 'screen', None)\n                stacktrace = getattr(exc, 'stacktrace', None)\n            time.sleep(self._poll)\n            if time.time() > end_time:\n                break\n>       raise TimeoutException(message, screen, stacktrace)\nE       selenium.common.exceptions.TimeoutException: Message:\n\nc:\\python37\\lib\\site-packages\\selenium\\webdriver\\support\\wait.py:80: TimeoutException"}, "steps": [{"name": "Login as user", "status": "passed", "start": 1577196208232, "stop": 1577196210649}, {"name": "Navigation 'Contact us'", "status": "broken", "statusDetails": {"message": "selenium.common.exceptions.TimeoutException: Message: \n\n", "trace": "  File \"E:\\python_QA\\CH_096_TAQC\\Tests\\test_contact.py\", line 13, in test_contact_us\n    app.navigation.click_on_contact_us()\n  File \"E:\\python_QA\\CH_096_TAQC\\Pages\\POM\\navigationMenu.py\", line 28, in click_on_contact_us\n    self.browser.click_on_element(self.locator.CONTACT_US)\n  File \"E:\\python_QA\\CH_096_TAQC\\Base\\base.py\", line 38, in click_on_element\n    element = self.find_element(*locators)\n  File \"E:\\python_QA\\CH_096_TAQC\\Base\\base.py\", line 19, in find_element\n    element = wait.until(lambda driver: self.driver.find_element(*locators))\n  File \"c:\\python37\\lib\\site-packages\\selenium\\webdriver\\support\\wait.py\", line 80, in until\n    raise TimeoutException(message, screen, stacktrace)\n"}, "start": 1577196210649, "stop": 1577196221190}], "attachments": [{"name": "stdout", "source": "e257b493-07f3-427e-a8e4-9f38525316be-attachment.txt", "type": "text/plain"}], "start": 1577196208232, "stop": 1577196221292, "uuid": "ffa4c2a0-0dd6-4cda-9053-b8a529344458", "historyId": "44de81afd77f73636c5493d4d5691dce", "testCaseId": "81d17c4ddbfb6bf783b0a9d9214ab009", "fullName": "Tests.test_contact#test_contact_us", "labels": [{"name": "severity", "value": "critical"}, {"name": "feature", "value": "Positive test"}, {"name": "parentSuite", "value": "Tests"}, {"name": "suite", "value": "test_contact"}, {"name": "host", "value": "DESKTOP-C599ACF"}, {"name": "thread", "value": "19452-MainThread"}, {"name": "framework", "value": "pytest"}, {"name": "language", "value": "cpython3"}, {"name": "package", "value": "Tests.test_contact"}]}