{"name": "test_contact_us_clear", "status": "broken", "statusDetails": {"message": "selenium.common.exceptions.TimeoutException: Message:", "trace": "app = <utilities.testFrame.InitPages object at 0x0000027810CB91C8>, screenshot_on_failure = None\n\n    @allure.feature(\"Message 'Required'\")\n    @allure.severity(allure.severity_level.CRITICAL)\n    def test_contact_us_clear(app, screenshot_on_failure):\n        with allure.step(\"Login as user\"):\n            app.signin.enter_actor(user['email'],user['password'])\n    \n        with allure.step(\"Navigation 'Contact us'\"):\n>           app.navigation.click_on_contact_us()\n\ntest_contact_us_clear.py:13: \n_ _ _ _ _ _ _ _ _ _ _ _ _ _ _ _ _ _ _ _ _ _ _ _ _ _ _ _ _ _ _ _ _ _ _ _ _ _ _ _ _ _ _ _ _ _ _ _ _ _ _ _ _ _ _ _ _ _ _ _ _ _ _ _ _ _ _ _ _ _ _ _ _ _ _ _ _ _ _ _ _ _ _ _ _ _ _ _ _ _ _ _ _ _ _ _ _ _ _ _ _ _ _ _ _ _ _ _ _ _ _ _ _ _ _ _ _ _ _ _ _ _ _ _ _ _ _ _ _ _ _ _ _ _\n..\\Pages\\POM\\navigationMenu.py:28: in click_on_contact_us\n    self.browser.click_on_element(self.locator.CONTACT_US)\n..\\Base\\base.py:38: in click_on_element\n    element = self.find_element(*locators)\n..\\Base\\base.py:19: in find_element\n    element = wait.until(lambda driver: self.driver.find_element(*locators))\n_ _ _ _ _ _ _ _ _ _ _ _ _ _ _ _ _ _ _ _ _ _ _ _ _ _ _ _ _ _ _ _ _ _ _ _ _ _ _ _ _ _ _ _ _ _ _ _ _ _ _ _ _ _ _ _ _ _ _ _ _ _ _ _ _ _ _ _ _ _ _ _ _ _ _ _ _ _ _ _ _ _ _ _ _ _ _ _ _ _ _ _ _ _ _ _ _ _ _ _ _ _ _ _ _ _ _ _ _ _ _ _ _ _ _ _ _ _ _ _ _ _ _ _ _ _ _ _ _ _ _ _ _ _\n\nself = <selenium.webdriver.support.wait.WebDriverWait (session=\"287b2db16b6ab331d5de2c97da37ec25\")>, method = <function BaseSetup.find_element.<locals>.<lambda> at 0x0000027810CA5EE8>, message = ''\n\n    def until(self, method, message=''):\n        \"\"\"Calls the method provided with the driver as an argument until the \\\n        return value is not False.\"\"\"\n        screen = None\n        stacktrace = None\n    \n        end_time = time.time() + self._timeout\n        while True:\n            try:\n                value = method(self._driver)\n                if value:\n                    return value\n            except self._ignored_exceptions as exc:\n                screen = getattr(exc, 'screen', None)\n                stacktrace = getattr(exc, 'stacktrace', None)\n            time.sleep(self._poll)\n            if time.time() > end_time:\n                break\n>       raise TimeoutException(message, screen, stacktrace)\nE       selenium.common.exceptions.TimeoutException: Message:\n\nc:\\python37\\lib\\site-packages\\selenium\\webdriver\\support\\wait.py:80: TimeoutException"}, "steps": [{"name": "Login as user", "status": "passed", "start": 1577197181002, "stop": 1577197182624}, {"name": "Navigation 'Contact us'", "status": "broken", "statusDetails": {"message": "selenium.common.exceptions.TimeoutException: Message: \n\n", "trace": "  File \"E:\\python_QA\\CH_096_TAQC\\Tests\\test_contact_us_clear.py\", line 13, in test_contact_us_clear\n    app.navigation.click_on_contact_us()\n  File \"E:\\python_QA\\CH_096_TAQC\\Pages\\POM\\navigationMenu.py\", line 28, in click_on_contact_us\n    self.browser.click_on_element(self.locator.CONTACT_US)\n  File \"E:\\python_QA\\CH_096_TAQC\\Base\\base.py\", line 38, in click_on_element\n    element = self.find_element(*locators)\n  File \"E:\\python_QA\\CH_096_TAQC\\Base\\base.py\", line 19, in find_element\n    element = wait.until(lambda driver: self.driver.find_element(*locators))\n  File \"c:\\python37\\lib\\site-packages\\selenium\\webdriver\\support\\wait.py\", line 80, in until\n    raise TimeoutException(message, screen, stacktrace)\n"}, "start": 1577197182624, "stop": 1577197193162}], "attachments": [{"name": "stdout", "source": "0b8618b0-68c9-4e07-80b3-04c1baf3d1d8-attachment.txt", "type": "text/plain"}], "start": 1577197181002, "stop": 1577197193166, "uuid": "85da95f4-146f-42e6-a1a7-42e07eb53513", "historyId": "8cfbca71d4cc1839794ef24313287d17", "testCaseId": "ed9066b2e5b1d7b98226ace98531b4f1", "fullName": "Tests.test_contact_us_clear#test_contact_us_clear", "labels": [{"name": "feature", "value": "Message 'Required'"}, {"name": "severity", "value": "critical"}, {"name": "parentSuite", "value": "Tests"}, {"name": "suite", "value": "test_contact_us_clear"}, {"name": "host", "value": "DESKTOP-C599ACF"}, {"name": "thread", "value": "19412-MainThread"}, {"name": "framework", "value": "pytest"}, {"name": "language", "value": "cpython3"}, {"name": "package", "value": "Tests.test_contact_us_clear"}]}