{
  "uid" : "38d6c29ecd02196c",
  "name" : "test_authorization[data1]",
  "fullName" : "Tests.test_auth#test_authorization",
  "historyId" : "307b3e81a3c9742e74203e6924c08bb2",
  "time" : {
    "start" : 1577189088014,
    "stop" : 1577189099627,
    "duration" : 11613
  },
  "description" : "Verify if user with incorrect data could login",
  "descriptionHtml" : "<p>Verify if user with incorrect data could login</p>\n",
  "status" : "failed",
  "statusMessage" : "AssertionError: Elemement not found\nassert None\n +  where None = <bound method BaseSetup.check_if_element_exists of <Base.base.BaseSetup object at 0x036C6FD0>>(('css selector', 'nav ul.list-unstyled .sidebar-header:nth-child(2)'))\n +    where <bound method BaseSetup.check_if_element_exists of <Base.base.BaseSetup object at 0x036C6FD0>> = <Base.base.BaseSetup object at 0x036C6FD0>.check_if_element_exists\n +      where <Base.base.BaseSetup object at 0x036C6FD0> = <utilities.testFrame.InitPages object at 0x036C6DD0>.base\n +    and   ('css selector', 'nav ul.list-unstyled .sidebar-header:nth-child(2)') = locator.PROFILE",
  "statusTrace" : "app = <utilities.testFrame.InitPages object at 0x036C6DD0>, data = ['ad1min@gmail.com', '1qaz1qaz'], screenshot_on_failure = None\n\n    @allure.link(\"http://localhost:3183/home/events?page=1\", name='Click me')\n    @allure.feature('Login User')\n    @allure.story('\"Actors\" login to site EventExpress ')\n    @allure.severity(allure.severity_level.CRITICAL)\n    @allure.description('Verify if user with incorrect data could login')\n    @pytest.mark.parametrize('data',credentials())\n    def test_authorization(app,data,screenshot_on_failure):\n        app.auth.click_on_login_button()\n        app.auth.clean_login_field( )\n        app.auth.type_login(data[0])\n        app.auth.clean_password_field( )\n        app.auth.type_pass(data[1])\n        app.auth.press_button_signin()\n>       assert app.base.check_if_element_exists( locator.PROFILE ), \"Elemement not found\"\nE       AssertionError: Elemement not found\nE       assert None\nE        +  where None = <bound method BaseSetup.check_if_element_exists of <Base.base.BaseSetup object at 0x036C6FD0>>(('css selector', 'nav ul.list-unstyled .sidebar-header:nth-child(2)'))\nE        +    where <bound method BaseSetup.check_if_element_exists of <Base.base.BaseSetup object at 0x036C6FD0>> = <Base.base.BaseSetup object at 0x036C6FD0>.check_if_element_exists\nE        +      where <Base.base.BaseSetup object at 0x036C6FD0> = <utilities.testFrame.InitPages object at 0x036C6DD0>.base\nE        +    and   ('css selector', 'nav ul.list-unstyled .sidebar-header:nth-child(2)') = locator.PROFILE\n\nTests\\test_auth.py:28: AssertionError",
  "flaky" : false,
  "newFailed" : false,
  "beforeStages" : [ {
    "name" : "app",
    "time" : {
      "start" : 1577189088012,
      "stop" : 1577189088012,
      "duration" : 0
    },
    "status" : "passed",
    "steps" : [ ],
    "attachments" : [ ],
    "parameters" : [ ],
    "stepsCount" : 0,
    "hasContent" : false,
    "attachmentsCount" : 0,
    "shouldDisplayMessage" : false
  }, {
    "name" : "get_driver",
    "time" : {
      "start" : 1577189081408,
      "stop" : 1577189088011,
      "duration" : 6603
    },
    "status" : "passed",
    "steps" : [ ],
    "attachments" : [ ],
    "parameters" : [ ],
    "stepsCount" : 0,
    "hasContent" : false,
    "attachmentsCount" : 0,
    "shouldDisplayMessage" : false
  }, {
    "name" : "screenshot_on_failure",
    "time" : {
      "start" : 1577189088011,
      "stop" : 1577189088011,
      "duration" : 0
    },
    "status" : "passed",
    "steps" : [ ],
    "attachments" : [ ],
    "parameters" : [ ],
    "stepsCount" : 0,
    "hasContent" : false,
    "attachmentsCount" : 0,
    "shouldDisplayMessage" : false
  } ],
  "testStage" : {
    "description" : "Verify if user with incorrect data could login",
    "status" : "failed",
    "statusMessage" : "AssertionError: Elemement not found\nassert None\n +  where None = <bound method BaseSetup.check_if_element_exists of <Base.base.BaseSetup object at 0x036C6FD0>>(('css selector', 'nav ul.list-unstyled .sidebar-header:nth-child(2)'))\n +    where <bound method BaseSetup.check_if_element_exists of <Base.base.BaseSetup object at 0x036C6FD0>> = <Base.base.BaseSetup object at 0x036C6FD0>.check_if_element_exists\n +      where <Base.base.BaseSetup object at 0x036C6FD0> = <utilities.testFrame.InitPages object at 0x036C6DD0>.base\n +    and   ('css selector', 'nav ul.list-unstyled .sidebar-header:nth-child(2)') = locator.PROFILE",
    "statusTrace" : "app = <utilities.testFrame.InitPages object at 0x036C6DD0>, data = ['ad1min@gmail.com', '1qaz1qaz'], screenshot_on_failure = None\n\n    @allure.link(\"http://localhost:3183/home/events?page=1\", name='Click me')\n    @allure.feature('Login User')\n    @allure.story('\"Actors\" login to site EventExpress ')\n    @allure.severity(allure.severity_level.CRITICAL)\n    @allure.description('Verify if user with incorrect data could login')\n    @pytest.mark.parametrize('data',credentials())\n    def test_authorization(app,data,screenshot_on_failure):\n        app.auth.click_on_login_button()\n        app.auth.clean_login_field( )\n        app.auth.type_login(data[0])\n        app.auth.clean_password_field( )\n        app.auth.type_pass(data[1])\n        app.auth.press_button_signin()\n>       assert app.base.check_if_element_exists( locator.PROFILE ), \"Elemement not found\"\nE       AssertionError: Elemement not found\nE       assert None\nE        +  where None = <bound method BaseSetup.check_if_element_exists of <Base.base.BaseSetup object at 0x036C6FD0>>(('css selector', 'nav ul.list-unstyled .sidebar-header:nth-child(2)'))\nE        +    where <bound method BaseSetup.check_if_element_exists of <Base.base.BaseSetup object at 0x036C6FD0>> = <Base.base.BaseSetup object at 0x036C6FD0>.check_if_element_exists\nE        +      where <Base.base.BaseSetup object at 0x036C6FD0> = <utilities.testFrame.InitPages object at 0x036C6DD0>.base\nE        +    and   ('css selector', 'nav ul.list-unstyled .sidebar-header:nth-child(2)') = locator.PROFILE\n\nTests\\test_auth.py:28: AssertionError",
    "steps" : [ ],
    "attachments" : [ {
      "uid" : "c37465b1178ebba3",
      "name" : "stdout",
      "source" : "c37465b1178ebba3.txt",
      "type" : "text/plain",
      "size" : 326
    } ],
    "parameters" : [ ],
    "stepsCount" : 0,
    "hasContent" : true,
    "attachmentsCount" : 1,
    "shouldDisplayMessage" : true
  },
  "afterStages" : [ {
    "name" : "get_driver::0",
    "time" : {
      "start" : 1577189099861,
      "stop" : 1577189104047,
      "duration" : 4186
    },
    "status" : "passed",
    "steps" : [ ],
    "attachments" : [ ],
    "parameters" : [ ],
    "stepsCount" : 0,
    "hasContent" : false,
    "attachmentsCount" : 0,
    "shouldDisplayMessage" : false
  }, {
    "name" : "screenshot_on_failure::0",
    "time" : {
      "start" : 1577189099752,
      "stop" : 1577189099860,
      "duration" : 108
    },
    "status" : "broken",
    "statusMessage" : "selenium.common.exceptions.NoSuchElementException: Message: You make mistake!!!!!!\n\n",
    "statusTrace" : "  File \"e:\\soft_serve_test_automation\\month_2\\eventexpress_v1\\venv\\lib\\site-packages\\allure_commons\\_allure.py\", line 185, in __call__\n    return self._fixture_function(*args, **kwargs)\n  File \"e:\\soft_serve_test_automation\\month_2\\eventexpress_v1\\venv\\lib\\site-packages\\_pytest\\fixtures.py\", line 795, in _teardown_yield_fixture\n    next(it)\n  File \"D:\\EventExpress\\CH_096_TAQC\\Tests\\conftest.py\", line 59, in screenshot_on_failure\n    raise NoSuchElementException(\"You make mistake!!!!!!\")\n",
    "steps" : [ ],
    "attachments" : [ {
      "uid" : "dd77de52cb289037",
      "name" : "test_authorization",
      "source" : "dd77de52cb289037.png",
      "type" : "image/png",
      "size" : 41853
    } ],
    "parameters" : [ ],
    "stepsCount" : 0,
    "hasContent" : true,
    "attachmentsCount" : 1,
    "shouldDisplayMessage" : true
  } ],
  "labels" : [ {
    "name" : "story",
    "value" : "\"Actors\" login to site EventExpress "
  }, {
    "name" : "feature",
    "value" : "Login User"
  }, {
    "name" : "severity",
    "value" : "critical"
  }, {
    "name" : "parentSuite",
    "value" : "Tests"
  }, {
    "name" : "suite",
    "value" : "test_auth"
  }, {
    "name" : "host",
    "value" : "LAPTOP-TPL3FHC5"
  }, {
    "name" : "thread",
    "value" : "31356-MainThread"
  }, {
    "name" : "framework",
    "value" : "pytest"
  }, {
    "name" : "language",
    "value" : "cpython3"
  }, {
    "name" : "package",
    "value" : "Tests.test_auth"
  }, {
    "name" : "resultFormat",
    "value" : "allure2"
  } ],
  "parameters" : [ {
    "name" : "data",
    "value" : "['ad1min@gmail.com', '1qaz1qaz']"
  } ],
  "links" : [ {
    "name" : "Click me",
    "url" : "http://localhost:3183/home/events?page=1",
    "type" : "link"
  } ],
  "hidden" : false,
  "retry" : false,
  "extra" : {
    "severity" : "critical",
    "retries" : [ {
      "uid" : "97e9d12e254581b6",
      "status" : "failed",
      "statusDetails" : "AssertionError: Elemement not found\nassert None\n +  where None = <bound method BaseSetup.check_if_element_exists of <Base.base.BaseSetup object at 0x03D08FD0>>(('css selector', 'nav ul.list-unstyled .sidebar-header:nth-child(2)'))\n +    where <bound method BaseSetup.check_if_element_exists of <Base.base.BaseSetup object at 0x03D08FD0>> = <Base.base.BaseSetup object at 0x03D08FD0>.check_if_element_exists\n +      where <Base.base.BaseSetup object at 0x03D08FD0> = <utilities.testFrame.InitPages object at 0x03D08E10>.base\n +    and   ('css selector', 'nav ul.list-unstyled .sidebar-header:nth-child(2)') = locator.PROFILE",
      "time" : {
        "start" : 1577189040786,
        "stop" : 1577189052492,
        "duration" : 11706
      }
    }, {
      "uid" : "25a1742d3caa0a1a",
      "status" : "failed",
      "statusDetails" : "AssertionError: Elemement not found\nassert None\n +  where None = <bound method BaseSetup.check_if_element_exists of <Base.base.BaseSetup object at 0x04418E70>>(('css selector', 'nav ul.list-unstyled .sidebar-header:nth-child(2)'))\n +    where <bound method BaseSetup.check_if_element_exists of <Base.base.BaseSetup object at 0x04418E70>> = <Base.base.BaseSetup object at 0x04418E70>.check_if_element_exists\n +      where <Base.base.BaseSetup object at 0x04418E70> = <utilities.testFrame.InitPages object at 0x04418FF0>.base\n +    and   ('css selector', 'nav ul.list-unstyled .sidebar-header:nth-child(2)') = locator.PROFILE",
      "time" : {
        "start" : 1577188890844,
        "stop" : 1577188902498,
        "duration" : 11654
      }
    }, {
      "uid" : "3223326129a6a982",
      "status" : "failed",
      "statusDetails" : "AssertionError: Elemement not found\nassert None\n +  where None = <bound method BaseSetup.check_if_element_exists of <Base.base.BaseSetup object at 0x04097F50>>(('css selector', 'nav ul.list-unstyled .sidebar-header:nth-child(2)'))\n +    where <bound method BaseSetup.check_if_element_exists of <Base.base.BaseSetup object at 0x04097F50>> = <Base.base.BaseSetup object at 0x04097F50>.check_if_element_exists\n +      where <Base.base.BaseSetup object at 0x04097F50> = <utilities.testFrame.InitPages object at 0x04097D50>.base\n +    and   ('css selector', 'nav ul.list-unstyled .sidebar-header:nth-child(2)') = locator.PROFILE",
      "time" : {
        "start" : 1577184837366,
        "stop" : 1577184849190,
        "duration" : 11824
      }
    } ],
    "categories" : [ {
      "name" : "Product defects",
      "matchedStatuses" : [ ],
      "flaky" : false
    } ],
    "tags" : [ ]
  },
  "source" : "38d6c29ecd02196c.json",
  "parameterValues" : [ "['ad1min@gmail.com', '1qaz1qaz']" ]
}